<?xml version="1.0" encoding="UTF-8"?>
<testsuite name="com.example.ridepal.RidePalApplicationTests" tests="1" skipped="0" failures="0" errors="0" timestamp="2023-11-26T23:38:34" hostname="DESKTOP-J0BNFBF" time="0.817">
  <properties/>
  <testcase name="contextLoads()" classname="com.example.ridepal.RidePalApplicationTests" time="0.817"/>
  <system-out><![CDATA[01:38:20.410 [Test worker] INFO org.springframework.test.context.support.AnnotationConfigContextLoaderUtils -- Could not detect default configuration classes for test class [com.example.ridepal.RidePalApplicationTests]: RidePalApplicationTests does not declare any static, non-private, non-final, nested classes annotated with @Configuration.
01:38:20.776 [Test worker] INFO org.springframework.boot.test.context.SpringBootTestContextBootstrapper -- Found @SpringBootConfiguration com.example.ridepal.RidePalApplication for test class com.example.ridepal.RidePalApplicationTests

  .   ____          _            __ _ _
 /\\ / ___'_ __ _ _(_)_ __  __ _ \ \ \ \
( ( )\___ | '_ | '_| | '_ \/ _` | \ \ \ \
 \\/  ___)| |_)| | | | | || (_| |  ) ) ) )
  '  |____| .__|_| |_|_| |_\__, | / / / /
 =========|_|==============|___/=/_/_/_/
 :: Spring Boot ::                (v3.1.4)

2023-11-27T01:38:21.679+02:00  INFO 3684 --- [    Test worker] c.e.ridepal.RidePalApplicationTests      : Starting RidePalApplicationTests using Java 19.0.1 with PID 3684 (started by PC-home in D:\RidePal Project\RidePal-project\RidePal)
2023-11-27T01:38:21.683+02:00  INFO 3684 --- [    Test worker] c.e.ridepal.RidePalApplicationTests      : No active profile set, falling back to 1 default profile: "default"
2023-11-27T01:38:26.616+02:00  INFO 3684 --- [    Test worker] .s.d.r.c.RepositoryConfigurationDelegate : Bootstrapping Spring Data JPA repositories in DEFAULT mode.
2023-11-27T01:38:26.704+02:00  INFO 3684 --- [    Test worker] .s.d.r.c.RepositoryConfigurationDelegate : Finished Spring Data repository scanning in 75 ms. Found 7 JPA repository interfaces.
2023-11-27T01:38:27.959+02:00  INFO 3684 --- [    Test worker] org.hibernate.Version                    : HHH000412: Hibernate ORM core version 6.2.9.Final
2023-11-27T01:38:27.966+02:00  INFO 3684 --- [    Test worker] org.hibernate.cfg.Environment            : HHH000406: Using bytecode reflection optimizer
2023-11-27T01:38:29.187+02:00  INFO 3684 --- [    Test worker] o.h.b.i.BytecodeProviderInitiator        : HHH000021: Bytecode provider name : bytebuddy
2023-11-27T01:38:31.020+02:00  INFO 3684 --- [    Test worker] o.h.e.t.j.p.i.JtaPlatformInitiator       : HHH000490: Using JtaPlatform implementation: [org.hibernate.engine.transaction.jta.platform.internal.NoJtaPlatform]
2023-11-27T01:38:31.419+02:00  INFO 3684 --- [    Test worker] o.s.d.j.r.query.QueryEnhancerFactory     : Hibernate is in classpath; If applicable, HQL parser will be used.
2023-11-27T01:38:32.988+02:00  WARN 3684 --- [    Test worker] JpaBaseConfiguration$JpaWebConfiguration : spring.jpa.open-in-view is enabled by default. Therefore, database queries may be performed during view rendering. Explicitly configure spring.jpa.open-in-view to disable this warning
2023-11-27T01:38:33.333+02:00  INFO 3684 --- [    Test worker] o.s.s.web.DefaultSecurityFilterChain     : Will secure any request with [org.springframework.security.web.session.DisableEncodeUrlFilter@6b09fcda, org.springframework.security.web.context.request.async.WebAsyncManagerIntegrationFilter@5cf4c93, org.springframework.security.web.context.SecurityContextHolderFilter@9c88323, org.springframework.security.web.header.HeaderWriterFilter@49d5b651, org.springframework.security.web.authentication.logout.LogoutFilter@d7645b2, org.springframework.security.oauth2.client.web.OAuth2AuthorizationRequestRedirectFilter@3e37c38f, org.springframework.security.oauth2.client.web.OAuth2LoginAuthenticationFilter@2f0b7b6d, org.springframework.security.web.authentication.UsernamePasswordAuthenticationFilter@77198cce, org.springframework.security.web.authentication.www.BasicAuthenticationFilter@22a5f12, org.springframework.security.web.savedrequest.RequestCacheAwareFilter@1dc47df3, org.springframework.security.web.servletapi.SecurityContextHolderAwareRequestFilter@65c040c9, org.springframework.security.web.authentication.AnonymousAuthenticationFilter@55cd41f7, org.springframework.security.web.access.ExceptionTranslationFilter@60a3a0fa, org.springframework.security.web.access.intercept.AuthorizationFilter@405a296e]
2023-11-27T01:38:34.399+02:00  INFO 3684 --- [    Test worker] c.e.ridepal.RidePalApplicationTests      : Started RidePalApplicationTests in 13.241 seconds (process running for 16.119)
]]></system-out>
  <system-err><![CDATA[[2023.11.27 01:38:21] (Coverage): Error during class instrumentation: org.springframework.boot.logging.log4j2.Log4J2LoggingSystem: java.lang.RuntimeException: java.io.IOException: Class org/apache/logging/log4j/core/config/composite/CompositeConfiguration not found
[2023.11.27 01:38:32] (Coverage): Error during class instrumentation: org.springframework.security.config.annotation.authentication.configurers.ldap.LdapAuthenticationProviderConfigurer: java.lang.RuntimeException: java.io.IOException: Class org/springframework/security/ldap/authentication/PasswordComparisonAuthenticator not found
[2023.11.27 01:38:33] (Coverage): Error during class instrumentation: org.springframework.core.ReactiveAdapterRegistry$ReactorAdapter: java.lang.RuntimeException: java.io.IOException: Class reactor/core/publisher/Flux not found
]]></system-err>
</testsuite>
